2026-05-09 20:23:20,133 - __main__ - INFO - Starting WikiBot...
2026-05-09 20:23:20,134 - aiogram.dispatcher - INFO - Start polling
2026-05-09 20:23:20,814 - aiogram.dispatcher - INFO - Run polling for bot @yourwikipedbot id=8577077733 - 'Wikiped UZ'
2026-05-09 20:23:32,891 - __main__ - INFO - User 6578147281 started bot
2026-05-09 20:23:33,504 - aiogram.event - INFO - Update id=532217231 is handled. Duration 610 ms by bot id=8577077733
2026-05-09 20:23:40,914 - __main__ - INFO - User 6578147281 opened language menu
2026-05-09 20:23:41,183 - aiogram.event - INFO - Update id=532217232 is handled. Duration 266 ms by bot id=8577077733
2026-05-09 20:23:43,736 - __main__ - INFO - User 6578147281 set language to en
2026-05-09 20:23:44,127 - __main__ - INFO - User 6578147281 changed language to en
2026-05-09 20:23:44,139 - aiogram.event - INFO - Update id=532217233 is handled. Duration 421 ms by bot id=8577077733
2026-05-09 20:23:49,890 - __main__ - INFO - User 6578147281 searched for: IELTS
2026-05-09 20:23:52,511 - __main__ - INFO - Page not found for query: IELTS, searching suggestions
2026-05-09 20:23:53,882 - aiogram.event - INFO - Update id=532217234 is handled. Duration 3985 ms by bot id=8577077733
2026-05-09 20:24:30,018 - __main__ - INFO - User 7544898777 started bot
2026-05-09 20:24:30,289 - aiogram.event - INFO - Update id=532217235 is handled. Duration 266 ms by bot id=8577077733
2026-05-09 20:24:41,758 - __main__ - INFO - User 7544898777 searched for: olma
2026-05-09 20:24:43,283 - aiogram.event - INFO - Update id=532217236 is not handled. Duration 1531 ms by bot id=8577077733
2026-05-09 20:24:43,284 - aiogram.event - ERROR - Cause exception while process update id=532217236 by bot id=8577077733
JSONDecodeError: Expecting value: line 1 column 1 (char 0)
Traceback (most recent call last):
  File "C:\Users\user\.virtualenvs\tg_bots-elYlD_3_\lib\site-packages\requests\models.py", line 978, in json
    return complexjson.loads(self.text, **kwargs)
  File "C:\Users\user\AppData\Local\Programs\Python\Python310\lib\json\__init__.py", line 346, in loads
    return _default_decoder.decode(s)
  File "C:\Users\user\AppData\Local\Programs\Python\Python310\lib\json\decoder.py", line 337, in decode
    obj, end = self.raw_decode(s, idx=_w(s, 0).end())
  File "C:\Users\user\AppData\Local\Programs\Python\Python310\lib\json\decoder.py", line 355, in raw_decode
    raise JSONDecodeError("Expecting value", s, err.value) from None
json.decoder.JSONDecodeError: Expecting value: line 1 column 1 (char 0)

During handling of the above exception, another exception occurred:

Traceback (most recent call last):
  File "C:\Users\user\.virtualenvs\tg_bots-elYlD_3_\lib\site-packages\aiogram\dispatcher\dispatcher.py", line 320, in _process_update
    response = await self.feed_update(bot, update, **kwargs)
  File "C:\Users\user\.virtualenvs\tg_bots-elYlD_3_\lib\site-packages\aiogram\dispatcher\dispatcher.py", line 164, in feed_update
    response = await self.update.wrap_outer_middleware(
  File "C:\Users\user\.virtualenvs\tg_bots-elYlD_3_\lib\site-packages\aiogram\dispatcher\middlewares\error.py", line 27, in __call__
    return await handler(event, data)
  File "C:\Users\user\.virtualenvs\tg_bots-elYlD_3_\lib\site-packages\aiogram\dispatcher\middlewares\user_context.py", line 58, in __call__
    return await handler(event, data)
  File "C:\Users\user\.virtualenvs\tg_bots-elYlD_3_\lib\site-packages\aiogram\fsm\middleware.py", line 43, in __call__
    return await handler(event, data)
  File "C:\Users\user\.virtualenvs\tg_bots-elYlD_3_\lib\site-packages\aiogram\dispatcher\event\telegram.py", line 126, in trigger
    return await wrapped_inner(event, kwargs)
  File "C:\Users\user\.virtualenvs\tg_bots-elYlD_3_\lib\site-packages\aiogram\dispatcher\event\handler.py", line 71, in call
    return await wrapped()
  File "C:\Users\user\.virtualenvs\tg_bots-elYlD_3_\lib\site-packages\aiogram\dispatcher\dispatcher.py", line 283, in _listen_update
    return await self.propagate_event(update_type=update_type, event=event, **kwargs)
  File "C:\Users\user\.virtualenvs\tg_bots-elYlD_3_\lib\site-packages\aiogram\dispatcher\router.py", line 163, in propagate_event
    return await observer.wrap_outer_middleware(_wrapped, event=event, data=kwargs)
  File "C:\Users\user\.virtualenvs\tg_bots-elYlD_3_\lib\site-packages\aiogram\dispatcher\router.py", line 155, in _wrapped
    return await self._propagate_event(
  File "C:\Users\user\.virtualenvs\tg_bots-elYlD_3_\lib\site-packages\aiogram\dispatcher\router.py", line 183, in _propagate_event
    response = await observer.trigger(event, **kwargs)
  File "C:\Users\user\.virtualenvs\tg_bots-elYlD_3_\lib\site-packages\aiogram\dispatcher\event\telegram.py", line 126, in trigger
    return await wrapped_inner(event, kwargs)
  File "C:\Users\user\.virtualenvs\tg_bots-elYlD_3_\lib\site-packages\aiogram\dispatcher\event\handler.py", line 71, in call
    return await wrapped()
  File "C:\Users\user\tg_bots\bot.py", line 253, in cmd_wiki
    await search_wiki(message, query)
  File "C:\Users\user\tg_bots\bot.py", line 279, in search_wiki
    page = wikipedia.page(query, auto_suggest=True)
  File "C:\Users\user\.virtualenvs\tg_bots-elYlD_3_\lib\site-packages\wikipedia\wikipedia.py", line 270, in page
    results, suggestion = search(title, results=1, suggestion=True)
  File "C:\Users\user\.virtualenvs\tg_bots-elYlD_3_\lib\site-packages\wikipedia\util.py", line 28, in __call__
    ret = self._cache[key] = self.fn(*args, **kwargs)
  File "C:\Users\user\.virtualenvs\tg_bots-elYlD_3_\lib\site-packages\wikipedia\wikipedia.py", line 103, in search
    raw_results = _wiki_request(search_params)
  File "C:\Users\user\.virtualenvs\tg_bots-elYlD_3_\lib\site-packages\wikipedia\wikipedia.py", line 742, in _wiki_request
    return r.json()
  File "C:\Users\user\.virtualenvs\tg_bots-elYlD_3_\lib\site-packages\requests\models.py", line 982, in json
    raise RequestsJSONDecodeError(e.msg, e.doc, e.pos)
requests.exceptions.JSONDecodeError: Expecting value: line 1 column 1 (char 0)
2026-05-09 20:24:58,710 - __main__ - INFO - User 7544898777 searched for: olma
2026-05-09 20:25:00,381 - aiogram.event - INFO - Update id=532217237 is not handled. Duration 1671 ms by bot id=8577077733
2026-05-09 20:25:00,381 - aiogram.event - ERROR - Cause exception while process update id=532217237 by bot id=8577077733
JSONDecodeError: Expecting value: line 1 column 1 (char 0)
Traceback (most recent call last):
  File "C:\Users\user\.virtualenvs\tg_bots-elYlD_3_\lib\site-packages\requests\models.py", line 978, in json
    return complexjson.loads(self.text, **kwargs)
  File "C:\Users\user\AppData\Local\Programs\Python\Python310\lib\json\__init__.py", line 346, in loads
    return _default_decoder.decode(s)
  File "C:\Users\user\AppData\Local\Programs\Python\Python310\lib\json\decoder.py", line 337, in decode
    obj, end = self.raw_decode(s, idx=_w(s, 0).end())
  File "C:\Users\user\AppData\Local\Programs\Python\Python310\lib\json\decoder.py", line 355, in raw_decode
    raise JSONDecodeError("Expecting value", s, err.value) from None
json.decoder.JSONDecodeError: Expecting value: line 1 column 1 (char 0)

During handling of the above exception, another exception occurred:

Traceback (most recent call last):
  File "C:\Users\user\.virtualenvs\tg_bots-elYlD_3_\lib\site-packages\aiogram\dispatcher\dispatcher.py", line 320, in _process_update
    response = await self.feed_update(bot, update, **kwargs)
  File "C:\Users\user\.virtualenvs\tg_bots-elYlD_3_\lib\site-packages\aiogram\dispatcher\dispatcher.py", line 164, in feed_update
    response = await self.update.wrap_outer_middleware(
  File "C:\Users\user\.virtualenvs\tg_bots-elYlD_3_\lib\site-packages\aiogram\dispatcher\middlewares\error.py", line 27, in __call__
    return await handler(event, data)
  File "C:\Users\user\.virtualenvs\tg_bots-elYlD_3_\lib\site-packages\aiogram\dispatcher\middlewares\user_context.py", line 58, in __call__
    return await handler(event, data)
  File "C:\Users\user\.virtualenvs\tg_bots-elYlD_3_\lib\site-packages\aiogram\fsm\middleware.py", line 43, in __call__
    return await handler(event, data)
  File "C:\Users\user\.virtualenvs\tg_bots-elYlD_3_\lib\site-packages\aiogram\dispatcher\event\telegram.py", line 126, in trigger
    return await wrapped_inner(event, kwargs)
  File "C:\Users\user\.virtualenvs\tg_bots-elYlD_3_\lib\site-packages\aiogram\dispatcher\event\handler.py", line 71, in call
    return await wrapped()
  File "C:\Users\user\.virtualenvs\tg_bots-elYlD_3_\lib\site-packages\aiogram\dispatcher\dispatcher.py", line 283, in _listen_update
    return await self.propagate_event(update_type=update_type, event=event, **kwargs)
  File "C:\Users\user\.virtualenvs\tg_bots-elYlD_3_\lib\site-packages\aiogram\dispatcher\router.py", line 163, in propagate_event
    return await observer.wrap_outer_middleware(_wrapped, event=event, data=kwargs)
  File "C:\Users\user\.virtualenvs\tg_bots-elYlD_3_\lib\site-packages\aiogram\dispatcher\router.py", line 155, in _wrapped
    return await self._propagate_event(
  File "C:\Users\user\.virtualenvs\tg_bots-elYlD_3_\lib\site-packages\aiogram\dispatcher\router.py", line 183, in _propagate_event
    response = await observer.trigger(event, **kwargs)
  File "C:\Users\user\.virtualenvs\tg_bots-elYlD_3_\lib\site-packages\aiogram\dispatcher\event\telegram.py", line 126, in trigger
    return await wrapped_inner(event, kwargs)
  File "C:\Users\user\.virtualenvs\tg_bots-elYlD_3_\lib\site-packages\aiogram\dispatcher\event\handler.py", line 71, in call
    return await wrapped()
  File "C:\Users\user\tg_bots\bot.py", line 261, in text_search
    await search_wiki(message, message.text)
  File "C:\Users\user\tg_bots\bot.py", line 279, in search_wiki
    page = wikipedia.page(query, auto_suggest=True)
  File "C:\Users\user\.virtualenvs\tg_bots-elYlD_3_\lib\site-packages\wikipedia\wikipedia.py", line 270, in page
    results, suggestion = search(title, results=1, suggestion=True)
  File "C:\Users\user\.virtualenvs\tg_bots-elYlD_3_\lib\site-packages\wikipedia\util.py", line 28, in __call__
    ret = self._cache[key] = self.fn(*args, **kwargs)
  File "C:\Users\user\.virtualenvs\tg_bots-elYlD_3_\lib\site-packages\wikipedia\wikipedia.py", line 103, in search
    raw_results = _wiki_request(search_params)
  File "C:\Users\user\.virtualenvs\tg_bots-elYlD_3_\lib\site-packages\wikipedia\wikipedia.py", line 742, in _wiki_request
    return r.json()
  File "C:\Users\user\.virtualenvs\tg_bots-elYlD_3_\lib\site-packages\requests\models.py", line 982, in json
    raise RequestsJSONDecodeError(e.msg, e.doc, e.pos)
requests.exceptions.JSONDecodeError: Expecting value: line 1 column 1 (char 0)
2026-05-09 20:26:50,570 - aiogram.dispatcher - INFO - Polling stopped
2026-05-09 20:26:50,572 - aiogram.dispatcher - INFO - Polling stopped for bot @yourwikipedbot id=8577077733 - 'Wikiped UZ'
2026-05-09 20:26:50,828 - __main__ - INFO - Bot stopped by user
